
----------------------------------------------------
- Log Start Marker                                 -
----------------------------------------------------

[12-03-2017 10:41:20.933] <Info   > 
Processing Command Line Arguments -> Successful {ProcessMgr}
[12-03-2017 10:41:20.944] <Info   > /////////////////////////////////////////////////////////////////////// {ProcessMgr}
[12-03-2017 10:41:20.972] <Info   > Processing Iar {ProcessMgr}
[12-03-2017 10:41:20.984] <Info   > /////////////////////////////////////////////////////////////////////// {ProcessMgr}
[12-03-2017 10:41:20.997] <Info   > Processing Linker Map File {ProcessIar}
[12-03-2017 10:41:21.010] <Info   > 
[ Map File Data ]
 {ProcessMap}
[12-03-2017 10:41:21.019] <Info   > Ram End Address = 0x200048E7 (536889575)
 {SharedMap}
[12-03-2017 10:41:21.031] <Info   > Read Only Code Size = 0x0000DA11 (55825)
 {SharedMap}
[12-03-2017 10:41:21.038] <Info   > Read Only Data Size = 0x0000220A (8714)
 {SharedMap}
[12-03-2017 10:41:21.048] <Info   > Read Write Data Size = 0x000004CF (1231)
 {SharedMap}
[12-03-2017 10:41:21.054] <Info   > 
[ Stack Size Calculation ]
 {SharedMap}
[12-03-2017 10:41:21.059] <Info   > Stack Size = 0x0000FC1B (64539)
 {SharedMap}
[12-03-2017 10:41:21.065] <Info   > 
Processing Linker Map File -> Successful {ProcessIar}
[12-03-2017 10:41:21.070] <Info   > /////////////////////////////////////////////////////////////////////// {ProcessIar}
[12-03-2017 10:41:21.074] <Info   > Processing Lcf File {ProcessIar}
[12-03-2017 10:41:21.081] <Info   > 
[ Lcf File Data ]
 {ProcessLcf}
[12-03-2017 10:41:21.088] <Info   > Chip Name = CC2640
 {SharedLcf}
[12-03-2017 10:41:21.093] <Info   > Nv Pages = not_used
 {SharedLcf}
[12-03-2017 10:41:21.099] <Info   > Ram Size = 0x00005000 (20480)
 {SharedLcf}
[12-03-2017 10:41:21.104] <Info   > Flash Size = 0x00020000 (131072)
 {SharedLcf}
[12-03-2017 10:41:21.110] <Info   > Page Size = 0x00001000 (4096)
 {SharedLcf}
[12-03-2017 10:41:21.120] <Info   > Reserved Pages = 0x00000001 (1)
 {SharedLcf}
[12-03-2017 10:41:21.130] <Info   > 
[ Flash Boundary Calculation ]
 {SharedLcf}
[12-03-2017 10:41:21.141] <Info   > Bytes Used In Last Page Of Image = 0x00000C1B (3099)
 {SharedLcf}
[12-03-2017 10:41:21.151] <Info   > Bytes Unused In Last Page Of Image = 0x000003E5 (997)
 {SharedLcf}
[12-03-2017 10:41:21.160] <Info   > Used Stack Pages = 0x00000010 (16)
 {SharedLcf}
[12-03-2017 10:41:21.168] <Info   > NV Pages = 0x00000000 (0)
 {SharedLcf}
[12-03-2017 10:41:21.178] <Info   > Reserved Pages = 0x00000001 (1)
 {SharedLcf}
[12-03-2017 10:41:21.186] <Info   > Total Used Pages = 0x00000011 (17)
 {SharedLcf}
[12-03-2017 10:41:21.194] <Info   > Flash Boundary Address = 0x0000F000 (61440)
 {SharedLcf}
[12-03-2017 10:41:21.203] <Info   > 
[ Ram Boundary Calculation ]
 {SharedLcf}
[12-03-2017 10:41:21.210] <Info   > Margin Bytes = 0x002A (42)
 {SharedLcf}
[12-03-2017 10:41:21.216] <Info   > Unadjusted Ram Start Address = 0x200043EE (536888302)
 {SharedLcf}
[12-03-2017 10:41:21.221] <Info   > Alignment Value = 0x04 (4)
 {SharedLcf}
[12-03-2017 10:41:21.226] <Info   > Final Alignment Value = 0x06 (6)
 {SharedLcf}
[12-03-2017 10:41:21.231] <Info   > Total Ram Size = 0x000004FF (1279)
 {SharedLcf}
[12-03-2017 10:41:21.236] <Info   > Ram Boundary Address = 0x200043E8 (536888296)
 {SharedLcf}
[12-03-2017 10:41:21.243] <Info   > 
[ Nv Boundary Calculation ]
 {SharedLcf}
[12-03-2017 10:41:21.248] <Info   > Reserved Size = 0x00001000 (4096)
 {SharedLcf}
[12-03-2017 10:41:21.253] <Info   > Reserved End = 0x0001FFFF (131071)
 {SharedLcf}
[12-03-2017 10:41:21.258] <Info   > Reserved Start = 0x0001F000 (126976)
 {SharedLcf}
[12-03-2017 10:41:21.262] <Info   > Nv Size = 0x00000000 (0)
 {SharedLcf}
[12-03-2017 10:41:21.271] <Info   > 
Processing Lcf File -> Successful {ProcessIar}
[12-03-2017 10:41:21.281] <Info   > /////////////////////////////////////////////////////////////////////// {ProcessIar}
[12-03-2017 10:41:21.290] <Info   > Processing Project Config Files {ProcessIar}
[12-03-2017 10:41:21.301] <Info   > 
[ Compiler Config Settings ]
 {ProcessCfg}
[12-03-2017 10:41:21.314] <Info   > Compiler Flash Config Page = 0x0000F000 (61440)
 {ProcessCfg}
[12-03-2017 10:41:21.323] <Info   > Compiler Flash Config Boundary Page Matches Expected Boundary
 {ProcessCfg}
[12-03-2017 10:41:21.332] <Info   > 
[ Linker Config Settings ]
 {ProcessCfg}
[12-03-2017 10:41:21.340] <Info   > Linker Flash Config Page = 0x0000F000 (61440)
 {ProcessCfg}
[12-03-2017 10:41:21.348] <Info   > Linker Flash Config Boundary Page Matches Expected Boundary
 {ProcessCfg}
[12-03-2017 10:41:21.356] <Info   > Linker Ram Config Page = 0x200043E8 (536888296)
 {ProcessCfg}
[12-03-2017 10:41:21.363] <Info   > Linker Ram Config Boundary Page Matches Expected Boundary
 {ProcessCfg}
[12-03-2017 10:41:21.368] <Info   > 
Processing Project Config Files -> Successful {ProcessIar}
[12-03-2017 10:41:21.373] <Info   > /////////////////////////////////////////////////////////////////////// {ProcessIar}
[12-03-2017 10:41:21.379] <Info   > Boundary Operation Complete {ProcessMgr}
[12-03-2017 10:41:21.383] <Info   > /////////////////////////////////////////////////////////////////////// {ProcessMgr}
